[2026-06-26 11:31:29,290] 19 root - INFO - Starting data ingestion process
[2026-06-26 11:31:29,948] 63 root - INFO - Performed train test split on the dataset
[2026-06-26 11:31:29,948] 64 root - INFO - Exit from the split_data_as_train_test method of DataIngestion class
[2026-06-26 11:31:29,950] 70 root - INFO - Exported training and testing dataset into feature store
[2026-06-26 11:31:29,950] 22 root - INFO - Data ingestion completed
[2026-06-26 11:31:29,954] 27 root - INFO - Starting data validation
[2026-06-26 11:31:29,956] 32 root - INFO - Required number of columns: 2
[2026-06-26 11:31:29,956] 33 root - INFO - Data frame has columns:31
[2026-06-26 11:31:29,956] 32 root - INFO - Required number of columns: 2
[2026-06-26 11:31:29,956] 33 root - INFO - Data frame has columns:31
[2026-06-26 11:31:29,973] 29 root - INFO - Data validation completed
[2026-06-26 11:31:29,973] 33 root - INFO - Starting data transformation
[2026-06-26 11:31:29,973] 50 root - INFO - Entered initiate.. method of DataTransformation class
[2026-06-26 11:31:29,973] 52 root - INFO - Starting data transformation
[2026-06-26 11:31:29,975] 40 root - INFO - Enter get_data_transformation_object method of Transformation class
[2026-06-26 11:31:29,983] 45 root - INFO - Entered the save_object method of Mainutils class
[2026-06-26 11:31:29,983] 49 root - INFO - Exited the save_object method of Mainutils class
[2026-06-26 11:31:29,983] 36 root - INFO - Data transformation completed
[2026-06-26 11:31:29,983] 39 root - INFO - Model training started
[2026-06-26 11:31:40,463] 45 root - INFO - Entered the save_object method of Mainutils class
[2026-06-26 11:31:40,463] 49 root - INFO - Exited the save_object method of Mainutils class
[2026-06-26 11:31:40,463] 93 root - INFO - MOdel trainer artifact: ModelTrainerArtifact(trained_model_file_path='Artifacts/06_26_2026_11_31_29/model_trainer/trained_model/model.pkl', trained_metric_artifact=ClassificationMetricArtifact(f1_score=0.9512195121951219, precision_score=0.9069767441860465, recall_score=1.0), test_metric_artifact=ClassificationMetricArtifact(f1_score=0.9090909090909091, precision_score=1.0, recall_score=0.8333333333333334))
